<?xml version="1.0" encoding="UTF-8"?>
<!-- Generated by org.testng.reporters.JUnitReportReporter -->
<testsuite hostname="DESKTOP-KMP4B94" failures="0" tests="2" name="com.test.MavenFramework.MultiTest" time="5.792" errors="0" timestamp="2024-01-14T13:51:18 IST" skipped="0">
  <testcase classname="com.test.MavenFramework.MultiTest" name="SelectDropDown" time="1.373"/>
  <testcase classname="com.test.MavenFramework.MultiTest" name="AdvanceDropDown" time="4.419"/>
</testsuite> <!-- com.test.MavenFramework.MultiTest -->
