<?xml version="1.0" encoding="UTF-8"?>
<!-- Generated by org.testng.reporters.JUnitReportReporter -->
<testsuite hostname="DESKTOP-KMP4B94" failures="0" tests="1" name="com.test.MavenFramework.MouseHovering" time="8.198" errors="0" timestamp="2024-01-14T13:47:01 IST" skipped="0">
  <testcase classname="com.test.MavenFramework.MouseHovering" name="MH" time="8.198"/>
</testsuite> <!-- com.test.MavenFramework.MouseHovering -->
